+ cd /home/xmei/projects/lstm
+ source /etc/profile.d/modules.sh
++++ /bin/ps -p 60529 -ocomm=
+++ /bin/basename slurm_script
++ shell=slurm_script
++ '[' -f /usr/share/Modules/init/slurm_script ']'
++ . /usr/share/Modules/init/sh
+++ MODULESHOME=/usr/share/Modules
+++ export MODULESHOME
+++ '[' '' = '' ']'
+++ LOADEDMODULES=
+++ export LOADEDMODULES
+++ '[' /apps/modulefiles:/usr/share/Modules/modulefiles:/etc/modulefiles = '' ']'
+ module load python3
++ /usr/bin/modulecmd sh load python3
+ eval LD_LIBRARY_PATH=/apps/python3/3.9.7/lib ';export' 'LD_LIBRARY_PATH;LOADEDMODULES=python3/3.9.7' ';export' 'LOADEDMODULES;PATH=/apps/python3/3.9.7/bin:/home/xmei/bin:/home/xmei/bin/Linux:/apps/bin:/site/bin:/usr/local/bin:/usr/sbin:/usr/bin/X11:/opt/SUNWspro/bin:/opt/ansic/bin:/opt/aCC/bin:/opt/fortran/bin:/opt/fortran90/bin:/opt/langtools/bin:/usr/ccs/bin:/usr/bin:/bin:/usr/dt/bin:/usr/openwin/bin:/etc:/usr/etc:/usr/xpg4/bin:/usr/ucb:/usr/bsd:/sbin:/usr/proc/bin:/opt/imake/bin:.' ';export' 'PATH;_LMFILES_=/apps/modulefiles/python3/3.9.7' ';export' '_LMFILES_;'
++ LD_LIBRARY_PATH=/apps/python3/3.9.7/lib
++ export LD_LIBRARY_PATH
++ LOADEDMODULES=python3/3.9.7
++ export LOADEDMODULES
++ PATH=/apps/python3/3.9.7/bin:/home/xmei/bin:/home/xmei/bin/Linux:/apps/bin:/site/bin:/usr/local/bin:/usr/sbin:/usr/bin/X11:/opt/SUNWspro/bin:/opt/ansic/bin:/opt/aCC/bin:/opt/fortran/bin:/opt/fortran90/bin:/opt/langtools/bin:/usr/ccs/bin:/usr/bin:/bin:/usr/dt/bin:/usr/openwin/bin:/etc:/usr/etc:/usr/xpg4/bin:/usr/ucb:/usr/bsd:/sbin:/usr/proc/bin:/opt/imake/bin:.
++ export PATH
++ _LMFILES_=/apps/modulefiles/python3/3.9.7
++ export _LMFILES_
+ pip3 install pandas numpy sklearn torch matplotlib
Defaulting to user installation because normal site-packages is not writeable
Requirement already satisfied: pandas in /u/home/xmei/.local/lib/python3.9/site-packages (1.5.0)
Requirement already satisfied: numpy in /u/home/xmei/.local/lib/python3.9/site-packages (1.23.3)
Requirement already satisfied: sklearn in /u/home/xmei/.local/lib/python3.9/site-packages (0.0)
Requirement already satisfied: torch in /u/home/xmei/.local/lib/python3.9/site-packages (1.12.1)
Requirement already satisfied: matplotlib in /u/home/xmei/.local/lib/python3.9/site-packages (3.6.0)
Requirement already satisfied: python-dateutil>=2.8.1 in /u/home/xmei/.local/lib/python3.9/site-packages (from pandas) (2.8.2)
Requirement already satisfied: pytz>=2020.1 in /u/home/xmei/.local/lib/python3.9/site-packages (from pandas) (2022.2.1)
Requirement already satisfied: scikit-learn in /u/home/xmei/.local/lib/python3.9/site-packages (from sklearn) (1.1.2)
Requirement already satisfied: typing-extensions in /u/home/xmei/.local/lib/python3.9/site-packages (from torch) (4.3.0)
Requirement already satisfied: packaging>=20.0 in /u/home/xmei/.local/lib/python3.9/site-packages (from matplotlib) (21.3)
Requirement already satisfied: cycler>=0.10 in /u/home/xmei/.local/lib/python3.9/site-packages (from matplotlib) (0.11.0)
Requirement already satisfied: fonttools>=4.22.0 in /u/home/xmei/.local/lib/python3.9/site-packages (from matplotlib) (4.37.3)
Requirement already satisfied: pillow>=6.2.0 in /u/home/xmei/.local/lib/python3.9/site-packages (from matplotlib) (9.2.0)
Requirement already satisfied: pyparsing>=2.2.1 in /u/home/xmei/.local/lib/python3.9/site-packages (from matplotlib) (3.0.9)
Requirement already satisfied: contourpy>=1.0.1 in /u/home/xmei/.local/lib/python3.9/site-packages (from matplotlib) (1.0.5)
Requirement already satisfied: kiwisolver>=1.0.1 in /u/home/xmei/.local/lib/python3.9/site-packages (from matplotlib) (1.4.4)
Requirement already satisfied: six>=1.5 in /u/home/xmei/.local/lib/python3.9/site-packages (from python-dateutil>=2.8.1->pandas) (1.16.0)
Requirement already satisfied: threadpoolctl>=2.0.0 in /u/home/xmei/.local/lib/python3.9/site-packages (from scikit-learn->sklearn) (3.1.0)
Requirement already satisfied: joblib>=1.0.0 in /u/home/xmei/.local/lib/python3.9/site-packages (from scikit-learn->sklearn) (1.2.0)
Requirement already satisfied: scipy>=1.3.2 in /u/home/xmei/.local/lib/python3.9/site-packages (from scikit-learn->sklearn) (1.9.1)
WARNING: You are using pip version 21.2.3; however, version 22.2.2 is available.
You should consider upgrading via the '/apps/python3/3.9.7/bin/python3.9 -m pip install --upgrade pip' command.
+ srun python3 Simplified_LSTM.py
Using cuda device
Epoch    1:   loss=0.009086, mse=0.000240, val_loss=0.009781, val_mse=0.000259
Epoch    2:   loss=0.007216, mse=0.000202, val_loss=0.007901, val_mse=0.000225
Epoch    3:   loss=0.007146, mse=0.000199, val_loss=0.008171, val_mse=0.000222
Epoch    4:   loss=0.006522, mse=0.000194, val_loss=0.007101, val_mse=0.000211
Epoch    5:   loss=0.006740, mse=0.000200, val_loss=0.007279, val_mse=0.000210
Epoch    6:   loss=0.006708, mse=0.000193, val_loss=0.006631, val_mse=0.000204
Epoch    7:   loss=0.006596, mse=0.000190, val_loss=0.006927, val_mse=0.000202
Epoch    8:   loss=0.005806, mse=0.000178, val_loss=0.006286, val_mse=0.000191
Epoch    9:   loss=0.005938, mse=0.000167, val_loss=0.006205, val_mse=0.000181
Epoch   10:   loss=0.006109, mse=0.000155, val_loss=0.006522, val_mse=0.000171
Epoch   11:   loss=0.006247, mse=0.000140, val_loss=0.006702, val_mse=0.000158
Epoch   12:   loss=0.004924, mse=0.000111, val_loss=0.005674, val_mse=0.000131
Epoch   13:   loss=0.005496, mse=0.000100, val_loss=0.005495, val_mse=0.000115
Epoch   14:   loss=0.004788, mse=0.000086, val_loss=0.005461, val_mse=0.000110
Epoch   15:   loss=0.004445, mse=0.000079, val_loss=0.004991, val_mse=0.000102
Epoch   16:   loss=0.004446, mse=0.000073, val_loss=0.005049, val_mse=0.000094
Epoch   17:   loss=0.004248, mse=0.000068, val_loss=0.004912, val_mse=0.000088
Epoch   18:   loss=0.004049, mse=0.000063, val_loss=0.004680, val_mse=0.000082
Epoch   19:   loss=0.004005, mse=0.000059, val_loss=0.005095, val_mse=0.000081
Epoch   20:   loss=0.003984, mse=0.000057, val_loss=0.004457, val_mse=0.000073
Epoch   21:   loss=0.003874, mse=0.000054, val_loss=0.004727, val_mse=0.000073
Epoch   22:   loss=0.004695, mse=0.000060, val_loss=0.005176, val_mse=0.000076
Epoch   23:   loss=0.003815, mse=0.000049, val_loss=0.004571, val_mse=0.000066
Epoch   24:   loss=0.003460, mse=0.000043, val_loss=0.003850, val_mse=0.000056
Epoch   25:   loss=0.003818, mse=0.000044, val_loss=0.004321, val_mse=0.000058
Epoch   26:   loss=0.003600, mse=0.000040, val_loss=0.003779, val_mse=0.000051
Epoch   27:   loss=0.003367, mse=0.000036, val_loss=0.003877, val_mse=0.000050
Epoch   28:   loss=0.003430, mse=0.000035, val_loss=0.003790, val_mse=0.000048
Epoch   29:   loss=0.003111, mse=0.000034, val_loss=0.003450, val_mse=0.000044
Epoch   30:   loss=0.003671, mse=0.000032, val_loss=0.004474, val_mse=0.000045
Epoch   31:   loss=0.003286, mse=0.000029, val_loss=0.003957, val_mse=0.000041
Epoch   32:   loss=0.002938, mse=0.000024, val_loss=0.002965, val_mse=0.000031
Epoch   33:   loss=0.003309, mse=0.000026, val_loss=0.003294, val_mse=0.000031
Epoch   34:   loss=0.003236, mse=0.000024, val_loss=0.003356, val_mse=0.000029
Epoch   35:   loss=0.002553, mse=0.000018, val_loss=0.003114, val_mse=0.000026
Epoch   36:   loss=0.002937, mse=0.000019, val_loss=0.003346, val_mse=0.000026
Epoch   37:   loss=0.002206, mse=0.000015, val_loss=0.002452, val_mse=0.000020
Epoch   38:   loss=0.002652, mse=0.000016, val_loss=0.002983, val_mse=0.000021
Epoch   39:   loss=0.002323, mse=0.000013, val_loss=0.002237, val_mse=0.000017
Epoch   40:   loss=0.002207, mse=0.000012, val_loss=0.002237, val_mse=0.000016
Epoch   41:   loss=0.002737, mse=0.000015, val_loss=0.002951, val_mse=0.000018
Epoch   42:   loss=0.002718, mse=0.000017, val_loss=0.002489, val_mse=0.000018
Epoch   43:   loss=0.001953, mse=0.000010, val_loss=0.001943, val_mse=0.000013
Epoch   44:   loss=0.002419, mse=0.000013, val_loss=0.002626, val_mse=0.000015
Epoch   45:   loss=0.002603, mse=0.000014, val_loss=0.002264, val_mse=0.000014
Epoch   46:   loss=0.002194, mse=0.000011, val_loss=0.002231, val_mse=0.000013
Epoch   47:   loss=0.002374, mse=0.000012, val_loss=0.001991, val_mse=0.000011
Epoch   48:   loss=0.003302, mse=0.000016, val_loss=0.002617, val_mse=0.000014
Epoch   49:   loss=0.002604, mse=0.000013, val_loss=0.002432, val_mse=0.000014
Epoch   50:   loss=0.002221, mse=0.000010, val_loss=0.002802, val_mse=0.000016
Epoch   51:   loss=0.002287, mse=0.000011, val_loss=0.002084, val_mse=0.000011
Epoch   52:   loss=0.001981, mse=0.000009, val_loss=0.002153, val_mse=0.000013
Epoch   53:   loss=0.003020, mse=0.000015, val_loss=0.002586, val_mse=0.000016
Epoch   54:   loss=0.001855, mse=0.000009, val_loss=0.002029, val_mse=0.000010
Epoch   55:   loss=0.002418, mse=0.000012, val_loss=0.002072, val_mse=0.000012
Epoch   56:   loss=0.001511, mse=0.000007, val_loss=0.001489, val_mse=0.000008
Epoch   57:   loss=0.002413, mse=0.000010, val_loss=0.001914, val_mse=0.000010
Epoch   58:   loss=0.001421, mse=0.000006, val_loss=0.001452, val_mse=0.000008
Epoch   59:   loss=0.002112, mse=0.000009, val_loss=0.001756, val_mse=0.000009
Epoch   60:   loss=0.001747, mse=0.000007, val_loss=0.001796, val_mse=0.000009
Epoch   61:   loss=0.001798, mse=0.000008, val_loss=0.002393, val_mse=0.000013
Epoch   62:   loss=0.001915, mse=0.000008, val_loss=0.002625, val_mse=0.000013
Epoch   63:   loss=0.002820, mse=0.000016, val_loss=0.002201, val_mse=0.000011
Epoch   64:   loss=0.002139, mse=0.000008, val_loss=0.002271, val_mse=0.000013
Epoch   65:   loss=0.002003, mse=0.000008, val_loss=0.002001, val_mse=0.000009
Epoch   66:   loss=0.002389, mse=0.000009, val_loss=0.002013, val_mse=0.000009
Epoch   67:   loss=0.003424, mse=0.000023, val_loss=0.002479, val_mse=0.000012
Epoch   68:   loss=0.001455, mse=0.000006, val_loss=0.002203, val_mse=0.000009
Epoch   69:   loss=0.002461, mse=0.000011, val_loss=0.001806, val_mse=0.000008
Epoch   70:   loss=0.002510, mse=0.000010, val_loss=0.002287, val_mse=0.000010
Epoch   71:   loss=0.001713, mse=0.000006, val_loss=0.001926, val_mse=0.000008
Epoch   72:   loss=0.002300, mse=0.000011, val_loss=0.002084, val_mse=0.000010
Epoch   73:   loss=0.001945, mse=0.000007, val_loss=0.002379, val_mse=0.000011
Epoch   74:   loss=0.001223, mse=0.000004, val_loss=0.001280, val_mse=0.000006
Epoch   75:   loss=0.002220, mse=0.000009, val_loss=0.001670, val_mse=0.000007
Epoch   76:   loss=0.001299, mse=0.000004, val_loss=0.001392, val_mse=0.000006
Epoch   77:   loss=0.002396, mse=0.000011, val_loss=0.001610, val_mse=0.000006
Epoch   78:   loss=0.001715, mse=0.000006, val_loss=0.001521, val_mse=0.000005
Epoch   79:   loss=0.001835, mse=0.000007, val_loss=0.001602, val_mse=0.000006
Epoch   80:   loss=0.002259, mse=0.000008, val_loss=0.001812, val_mse=0.000007
Epoch   81:   loss=0.001292, mse=0.000004, val_loss=0.001348, val_mse=0.000005
Epoch   82:   loss=0.002273, mse=0.000008, val_loss=0.001753, val_mse=0.000007
Epoch   83:   loss=0.002001, mse=0.000007, val_loss=0.001929, val_mse=0.000008
Epoch   84:   loss=0.001976, mse=0.000006, val_loss=0.001627, val_mse=0.000006
Epoch   85:   loss=0.002630, mse=0.000015, val_loss=0.001769, val_mse=0.000007
Epoch   86:   loss=0.001707, mse=0.000005, val_loss=0.002123, val_mse=0.000007
Epoch   87:   loss=0.001690, mse=0.000005, val_loss=0.002002, val_mse=0.000008
Epoch   88:   loss=0.001319, mse=0.000003, val_loss=0.001409, val_mse=0.000005
Epoch   89:   loss=0.001368, mse=0.000004, val_loss=0.001522, val_mse=0.000005
Epoch   90:   loss=0.001239, mse=0.000003, val_loss=0.001327, val_mse=0.000005
Epoch   91:   loss=0.001752, mse=0.000005, val_loss=0.001502, val_mse=0.000005
Epoch   92:   loss=0.001389, mse=0.000003, val_loss=0.001377, val_mse=0.000005
Epoch   93:   loss=0.001624, mse=0.000005, val_loss=0.001800, val_mse=0.000005
Epoch   94:   loss=0.001719, mse=0.000005, val_loss=0.002240, val_mse=0.000008
Epoch   95:   loss=0.001172, mse=0.000003, val_loss=0.001284, val_mse=0.000004
Epoch   96:   loss=0.001620, mse=0.000004, val_loss=0.001945, val_mse=0.000006
Epoch   97:   loss=0.001435, mse=0.000004, val_loss=0.001484, val_mse=0.000005
Epoch   98:   loss=0.001394, mse=0.000004, val_loss=0.001161, val_mse=0.000003
Epoch   99:   loss=0.001280, mse=0.000003, val_loss=0.001430, val_mse=0.000004
Epoch  100:   loss=0.001742, mse=0.000006, val_loss=0.001222, val_mse=0.000004
